<?xml version="1.0" encoding="UTF-8" standalone="yes"?><!DOCTYPE report PUBLIC "-//JACOCO//DTD Report 1.1//EN" "report.dtd"><report name="Docs Core"><sessioninfo id="Mac01.local-b0678f1d" start="1744170638447" dump="1744170638673"/><sessioninfo id="Mac01.local-118eabbf" start="1744170638794" dump="1744170639015"/><sessioninfo id="Mac01.local-c87d1daa" start="1744170639135" dump="1744170639332"/><sessioninfo id="Mac01.local-860bf2ad" start="1744170639447" dump="1744170674087"/><sessioninfo id="Mac01.local-55abe122" start="1744170674687" dump="1744170674902"/><sessioninfo id="Mac01.local-456531de" start="1744170675017" dump="1744170675257"/><sessioninfo id="Mac01.local-9ccd5a16" start="1744170675371" dump="1744170678551"/><sessioninfo id="Mac01.local-32d2a680" start="1744170678723" dump="1744170692604"/><sessioninfo id="Mac01.local-a95d4883" start="1744170693227" dump="1744170693672"/><sessioninfo id="Mac01.local-4385fd6e" start="1744170693793" dump="1744170695682"/><sessioninfo id="Mac01.local-c0cda136" start="1744170695843" dump="1744170698222"/><sessioninfo id="Mac01.local-eb4308ef" start="1744170698396" dump="1744170700726"/></report>